<?xml version="1.0" encoding="UTF-8"?>
<testsuite name="com.example.ktbapi.KtbapiApplicationTests" tests="1" skipped="0" failures="0" errors="0" timestamp="2025-11-08T11:49:34.341Z" hostname="neonui-MacBookPro.local" time="0.002">
  <properties/>
  <testcase name="contextLoads()" classname="com.example.ktbapi.KtbapiApplicationTests" time="0.002"/>
  <system-out><![CDATA[2025-11-08T20:49:34.340+09:00  INFO 58973 --- [    Test worker] t.c.s.AnnotationConfigContextLoaderUtils : Could not detect default configuration classes for test class [com.example.ktbapi.KtbapiApplicationTests]: KtbapiApplicationTests does not declare any static, non-private, non-final, nested classes annotated with @Configuration.
2025-11-08T20:49:34.341+09:00  INFO 58973 --- [    Test worker] .b.t.c.SpringBootTestContextBootstrapper : Found @SpringBootConfiguration com.example.ktbapi.KtbapiApplication for test class com.example.ktbapi.KtbapiApplicationTests
]]></system-out>
  <system-err><![CDATA[]]></system-err>
</testsuite>
