<?xml version="1.0" encoding="UTF-8"?>
<testsuite name="com.example.ktbapi.NamedQueryTest" tests="1" skipped="0" failures="0" errors="0" timestamp="2025-11-08T11:49:34.345Z" hostname="neonui-MacBookPro.local" time="0.012">
  <properties/>
  <testcase name="namedQuery_works()" classname="com.example.ktbapi.NamedQueryTest" time="0.012"/>
  <system-out><![CDATA[2025-11-08T20:49:34.345+09:00  INFO 58973 --- [    Test worker] t.c.s.AnnotationConfigContextLoaderUtils : Could not detect default configuration classes for test class [com.example.ktbapi.NamedQueryTest]: NamedQueryTest does not declare any static, non-private, non-final, nested classes annotated with @Configuration.
2025-11-08T20:49:34.345+09:00  INFO 58973 --- [    Test worker] .b.t.c.SpringBootTestContextBootstrapper : Found @SpringBootConfiguration com.example.ktbapi.KtbapiApplication for test class com.example.ktbapi.NamedQueryTest
2025-11-08T20:49:34.347+09:00 DEBUG 58973 --- [    Test worker] org.hibernate.SQL                        : 
    insert 
    into
        "user"
        (created_at, email, nickname, password, profile_image, user_role, updated_at, user_id) 
    values
        (?, ?, ?, ?, ?, ?, ?, default)
Hibernate: 
    insert 
    into
        "user"
        (created_at, email, nickname, password, profile_image, user_role, updated_at, user_id) 
    values
        (?, ?, ?, ?, ?, ?, ?, default)
2025-11-08T20:49:34.348+09:00 DEBUG 58973 --- [    Test worker] org.hibernate.SQL                        : 
    insert 
    into
        "user"
        (created_at, email, nickname, password, profile_image, user_role, updated_at, user_id) 
    values
        (?, ?, ?, ?, ?, ?, ?, default)
Hibernate: 
    insert 
    into
        "user"
        (created_at, email, nickname, password, profile_image, user_role, updated_at, user_id) 
    values
        (?, ?, ?, ?, ?, ?, ?, default)
2025-11-08T20:49:34.348+09:00 DEBUG 58973 --- [    Test worker] org.hibernate.SQL                        : 
    insert 
    into
        posts
        (user_id, content, created_at, image_url, likes, title, updated_at, views, post_id) 
    values
        (?, ?, ?, ?, ?, ?, ?, ?, default)
Hibernate: 
    insert 
    into
        posts
        (user_id, content, created_at, image_url, likes, title, updated_at, views, post_id) 
    values
        (?, ?, ?, ?, ?, ?, ?, ?, default)
2025-11-08T20:49:34.349+09:00 DEBUG 58973 --- [    Test worker] org.hibernate.SQL                        : 
    insert 
    into
        posts
        (user_id, content, created_at, image_url, likes, title, updated_at, views, post_id) 
    values
        (?, ?, ?, ?, ?, ?, ?, ?, default)
Hibernate: 
    insert 
    into
        posts
        (user_id, content, created_at, image_url, likes, title, updated_at, views, post_id) 
    values
        (?, ?, ?, ?, ?, ?, ?, ?, default)
2025-11-08T20:49:34.349+09:00 DEBUG 58973 --- [    Test worker] org.hibernate.SQL                        : 
    insert 
    into
        posts
        (user_id, content, created_at, image_url, likes, title, updated_at, views, post_id) 
    values
        (?, ?, ?, ?, ?, ?, ?, ?, default)
Hibernate: 
    insert 
    into
        posts
        (user_id, content, created_at, image_url, likes, title, updated_at, views, post_id) 
    values
        (?, ?, ?, ?, ?, ?, ?, ?, default)
2025-11-08T20:49:34.350+09:00 DEBUG 58973 --- [    Test worker] org.hibernate.SQL                        : 
    select
        u1_0.user_id,
        u1_0.created_at,
        u1_0.email,
        u1_0.nickname,
        u1_0.password,
        u1_0.profile_image,
        u1_0.user_role,
        u1_0.updated_at 
    from
        "user" u1_0 
    where
        u1_0.email=?
Hibernate: 
    select
        u1_0.user_id,
        u1_0.created_at,
        u1_0.email,
        u1_0.nickname,
        u1_0.password,
        u1_0.profile_image,
        u1_0.user_role,
        u1_0.updated_at 
    from
        "user" u1_0 
    where
        u1_0.email=?
2025-11-08T20:49:34.352+09:00 DEBUG 58973 --- [    Test worker] org.hibernate.SQL                        : 
    select
        u1_0.user_id,
        u1_0.created_at,
        u1_0.email,
        u1_0.nickname,
        u1_0.password,
        u1_0.profile_image,
        u1_0.user_role,
        u1_0.updated_at 
    from
        "user" u1_0 
    where
        u1_0.nickname like ('%'||?||'%') escape ''
Hibernate: 
    select
        u1_0.user_id,
        u1_0.created_at,
        u1_0.email,
        u1_0.nickname,
        u1_0.password,
        u1_0.profile_image,
        u1_0.user_role,
        u1_0.updated_at 
    from
        "user" u1_0 
    where
        u1_0.nickname like ('%'||?||'%') escape ''
2025-11-08T20:49:34.353+09:00 DEBUG 58973 --- [    Test worker] org.hibernate.SQL                        : 
    select
        p1_0.post_id,
        p1_0.user_id,
        p1_0.content,
        p1_0.created_at,
        p1_0.image_url,
        p1_0.likes,
        p1_0.title,
        p1_0.updated_at,
        p1_0.views 
    from
        posts p1_0 
    where
        p1_0.user_id=?
Hibernate: 
    select
        p1_0.post_id,
        p1_0.user_id,
        p1_0.content,
        p1_0.created_at,
        p1_0.image_url,
        p1_0.likes,
        p1_0.title,
        p1_0.updated_at,
        p1_0.views 
    from
        posts p1_0 
    where
        p1_0.user_id=?
2025-11-08T20:49:34.356+09:00 DEBUG 58973 --- [    Test worker] org.hibernate.SQL                        : 
    select
        count(p1_0.post_id) 
    from
        posts p1_0 
    where
        p1_0.user_id=?
Hibernate: 
    select
        count(p1_0.post_id) 
    from
        posts p1_0 
    where
        p1_0.user_id=?
]]></system-out>
  <system-err><![CDATA[]]></system-err>
</testsuite>
